Flat profile:

Each sample counts as 0.01 seconds.
 no time accumulated

  %   cumulative   self              self     total           
 time   seconds   seconds    calls  Ts/call  Ts/call  name    
  0.00      0.00     0.00        5     0.00     0.00  merge(int*, int, int, int)
  0.00      0.00     0.00        2     0.00     0.00  printArray(int*, int)
  0.00      0.00     0.00        1     0.00     0.00  mergeSort(int*, int, int)

			Call graph


granularity: each sample hit covers 4 byte(s) no time propagated

index % time    self  children    called     name
                0.00    0.00       5/5           mergeSort(int*, int, int) [6]
[4]      0.0    0.00    0.00       5         merge(int*, int, int, int) [4]
-----------------------------------------------
                0.00    0.00       2/2           main [3]
[5]      0.0    0.00    0.00       2         printArray(int*, int) [5]
-----------------------------------------------
                                  10             mergeSort(int*, int, int) [6]
                0.00    0.00       1/1           main [3]
[6]      0.0    0.00    0.00       1+10      mergeSort(int*, int, int) [6]
                0.00    0.00       5/5           merge(int*, int, int, int) [4]
                                  10             mergeSort(int*, int, int) [6]
-----------------------------------------------

Index by function name

   [5] printArray(int*, int)   [4] merge(int*, int, int, int) [6] mergeSort(int*, int, int)
